<?xml version="1.0" encoding="UTF-8"?>
<testsuite xmlns:xsi="http://www.w3.org/2001/XMLSchema-instance" xsi:noNamespaceSchemaLocation="https://maven.apache.org/surefire/maven-surefire-plugin/xsd/surefire-test-report.xsd" name="ltk.sabianfanni.store.StoreRegisterSystemTest" time="0.09" tests="6" errors="0" skipped="0" failures="0">
  <properties>
[...]
</properties>
  <testcase name="customerBuyDifferentItem" classname="ltk.sabianfanni.store.StoreRegisterSystemTest" time="0.044"/>
  <testcase name="customerBuyOneItem" classname="ltk.sabianfanni.store.StoreRegisterSystemTest" time="0.003"/>
  <testcase name="useFileStorage" classname="ltk.sabianfanni.store.StoreRegisterSystemTest" time="0.011"/>
  <testcase name="buyItemsIfRunOut" classname="ltk.sabianfanni.store.StoreRegisterSystemTest" time="0.009"/>
  <testcase name="itemIsNotExists" classname="ltk.sabianfanni.store.StoreRegisterSystemTest" time="0"/>
  <testcase name="customerTryToBuyMoreAndMoreItem" classname="ltk.sabianfanni.store.StoreRegisterSystemTest" time="0.003"/>
</testsuite>